[
    {
        "content": "<p>blue-freedom-technologies opened <a href=\"https://github.com/bytecodealliance/wasmtime/issues/7194\">issue #7194</a>:</p>\n<blockquote>\n<h3>Problem</h3>\n<p>Not able to build the rust application using the command \"cargo build --bin test-app\".<br>\nAfter adding this crate <a href=\"\">subxt</a> to the cargo.toml.</p>\n<h3>Steps</h3>\n<p>1)adding this crate <a href=\"\">subxt</a> to the cargo.toml.<br>\n2)cargo build --bin test-app <br>\n3) error.</p>\n<h3>Possible Solution(s)</h3>\n<p>Probably the <a href=\"\">subxt</a> crate has something that is confusing the compiler. </p>\n<h3>Notes</h3>\n<p>This is an test application for a <a href=\"https://www.espressif.com/en/products/socs/esp32-c6\">ESP32-c6</a> microcontroller. We are using the <a href=\"https://github.com/esp-rs/esp-idf-hal\">esp-idf-hal</a>.<br>\nWe have the test-app code in <a href=\"https://github.com/blue-freedom-technologies/test-app/tree/main\">here</a>.</p>\n<h3>Version</h3>\n<div class=\"codehilite\" data-code-language=\"Text only\"><pre><span></span><code>cargo 1.75.0-nightly (794d0a825 2023-10-03)\nrelease: 1.75.0-nightly\ncommit-hash: 794d0a82547f3081044c0aca7b6083733ce51344\ncommit-date: 2023-10-03\nhost: x86_64-unknown-linux-gnu\nlibgit2: 1.7.1 (sys:0.18.1 vendored)\nlibcurl: 8.3.0-DEV (sys:0.4.66+curl-8.3.0 vendored ssl:OpenSSL/1.1.1u)\nssl: OpenSSL 1.1.1u  30 May 2023\nos: Ubuntu 22.04 (jammy) [64-bit]\n</code></pre></div>\n<h3>Error</h3>\n<p><div class=\"codehilite\" data-code-language=\"Text only\"><pre><span></span><code>Running `/home/silveira/bluefreedom/test-app/target/debug/build/wasmtime-runtime-af8c978cc181d296/build-script-build`\nThe following warnings were emitted during compilation:\n\nwarning: cc: error: unrecognized argument in option ‘-mabi=ilp32’\nwarning: cc: note: valid arguments to ‘-mabi=’ are: ms sysv\nwarning: cc: error: unrecognized argument in option ‘-mcmodel=medany’\nwarning: cc: note: valid arguments to ‘-mcmodel=’ are: 32 kernel large medium small\n\nerror: failed to run custom build command for `wasmtime-runtime v8.0.1`\n\nCaused by:\n  process didn't exit successfully: `/home/silveira/bluefreedom/test-app/target/debug/build/wasmtime-runtime-af8c978cc181d296/build-script-build` (exit status: 1)\n  --- stdout\n  cargo:rerun-if-changed=src/helpers.c\n  TARGET = Some(\"riscv32imac-esp-espidf\")\n  OPT_LEVEL = Some(\"z\")\n  HOST = Some(\"x86_64-unknown-linux-gnu\")\n  cargo:rerun-if-env-changed=CC_riscv32imac-esp-espidf\n  CC_riscv32imac-esp-espidf = None\n  cargo:rerun-if-env-changed=CC_riscv32imac_esp_espidf\n  CC_riscv32imac_esp_espidf = None\n  cargo:rerun-if-env-changed=TARGET_CC\n  TARGET_CC = None\n  cargo:rerun-if-env-changed=CC\n  CC = None\n  RUSTC_LINKER = Some(\"ldproxy\")\n  cargo:rerun-if-env-changed=CROSS_COMPILE\n  CROSS_COMPILE = None\n  cargo:rerun-if-env-changed=CRATE_CC_NO_DEFAULTS\n  CRATE_CC_NO_DEFAULTS = None\n  DEBUG = Some(\"true\")\n  CARGO_CFG_TARGET_FEATURE = Some(\"a,c,m\")\n  cargo:rerun-if-env-changed=CFLAGS_riscv32imac-esp-espidf\n  CFLAGS_riscv32imac-esp-espidf = None\n  cargo:rerun-if-env-changed=CFLAGS_riscv32imac_esp_espidf\n  CFLAGS_riscv32imac_esp_espidf = None\n  cargo:rerun-if-env-changed=TARGET_CFLAGS\n  TARGET_CFLAGS = None\n  cargo:rerun-if-env-changed=CFLAGS\n  CFLAGS = None\n  running: \"cc\" \"-Os\" \"-ffunction-sections\" \"-fdata-sections\" \"-fPIC\" \"-g\" \"-fno-omit-frame-pointer\" \"-march=rv32imac\" \"-mabi=ilp32\" \"-mcmodel=medany\" \"-Wall\" \"-Wextra\" \"-DCFG_TARGET_OS_espidf\" \"-DCFG_TARGET_ARCH_riscv32\" \"-o\" \"/home/silveira/bluefreedom/test-app/target/riscv32imac-esp-espidf/debug/build/wasmtime-runtime-d75f6ee2ec7ef9d7/out/src/helpers.o\" \"-c\" \"src/helpers.c\"\n  cargo:warning=cc: error: unrecognized argument in option ‘-mabi=ilp32’\n\n  cargo:warning=cc: note: valid arguments to ‘-mabi=’ are: ms sysv\n\n  cargo:warning=cc: error: unrecognized argument in option ‘-mcmodel=medany’\n\n  cargo:warning=cc: note: valid arguments to ‘-mcmodel=’ are: 32 kernel large medium small\n\n  exit status: 1\n\n  --- stderr\n\n\n  error occurred: Command \"cc\" \"-Os\" \"-ffunction-sections\" \"-fdata-sections\" \"-fPIC\" \"-g\" \"-fno-omit-frame-pointer\" \"-march=rv32imac\" \"-mabi=ilp32\" \"-mcmodel=medany\" \"-Wall\" \"-Wextra\" \"-DCFG_TARGET_OS_espidf\" \"-DCFG_TARGET_ARCH_riscv32\" \"-o\" \"/home/silveira/bluefreedom/test-app/target/riscv32imac-esp-espidf/debug/build/wasmtime-runtime-d75f6ee2ec7ef9d7/out/src/helpers.o\" \"-c\" \"src/helpers.c\" with args \"cc\" did not execute successfully (status code exit status: 1).\n\nwarning: build failed, waiting for other jobs to finish...\n</code></pre></div><br>\n</p>\n</blockquote>",
        "id": 395622120,
        "sender_full_name": "Wasmtime GitHub notifications bot",
        "timestamp": 1696830086
    },
    {
        "content": "<p>bjorn3 <a href=\"https://github.com/bytecodealliance/wasmtime/issues/7194#issuecomment-1752396439\">commented</a> on <a href=\"https://github.com/bytecodealliance/wasmtime/issues/7194\">issue #7194</a>:</p>\n<blockquote>\n<p>Wasmtime currently doesn't support any 32bit architectures.</p>\n</blockquote>",
        "id": 395625313,
        "sender_full_name": "Wasmtime GitHub notifications bot",
        "timestamp": 1696831906
    },
    {
        "content": "<p>blue-freedom-technologies <a href=\"https://github.com/bytecodealliance/wasmtime/issues/7194#issuecomment-1752764274\">commented</a> on <a href=\"https://github.com/bytecodealliance/wasmtime/issues/7194\">issue #7194</a>:</p>\n<blockquote>\n<p>That's right,  sorry for the trouble. </p>\n</blockquote>",
        "id": 395669061,
        "sender_full_name": "Wasmtime GitHub notifications bot",
        "timestamp": 1696848010
    },
    {
        "content": "<p>blue-freedom-technologies closed <a href=\"https://github.com/bytecodealliance/wasmtime/issues/7194\">issue #7194</a>:</p>\n<blockquote>\n<h3>Problem</h3>\n<p>Not able to build the rust application using the command \"cargo build --bin test-app\".<br>\nAfter adding this crate <a href=\"\">subxt</a> to the cargo.toml.</p>\n<h3>Steps</h3>\n<p>1)adding this crate <a href=\"\">subxt</a> to the cargo.toml.<br>\n2)cargo build --bin test-app <br>\n3) error.</p>\n<h3>Possible Solution(s)</h3>\n<p>Probably the <a href=\"\">subxt</a> crate has something that is confusing the compiler. </p>\n<h3>Notes</h3>\n<p>This is an test application for a <a href=\"https://www.espressif.com/en/products/socs/esp32-c6\">ESP32-c6</a> microcontroller. We are using the <a href=\"https://github.com/esp-rs/esp-idf-hal\">esp-idf-hal</a>.<br>\nWe have the test-app code in <a href=\"https://github.com/blue-freedom-technologies/test-app/tree/main\">here</a>.</p>\n<h3>Version</h3>\n<div class=\"codehilite\" data-code-language=\"Text only\"><pre><span></span><code>cargo 1.75.0-nightly (794d0a825 2023-10-03)\nrelease: 1.75.0-nightly\ncommit-hash: 794d0a82547f3081044c0aca7b6083733ce51344\ncommit-date: 2023-10-03\nhost: x86_64-unknown-linux-gnu\nlibgit2: 1.7.1 (sys:0.18.1 vendored)\nlibcurl: 8.3.0-DEV (sys:0.4.66+curl-8.3.0 vendored ssl:OpenSSL/1.1.1u)\nssl: OpenSSL 1.1.1u  30 May 2023\nos: Ubuntu 22.04 (jammy) [64-bit]\n</code></pre></div>\n<h3>Error</h3>\n<p><div class=\"codehilite\" data-code-language=\"Text only\"><pre><span></span><code>Running `/home/silveira/bluefreedom/test-app/target/debug/build/wasmtime-runtime-af8c978cc181d296/build-script-build`\nThe following warnings were emitted during compilation:\n\nwarning: cc: error: unrecognized argument in option ‘-mabi=ilp32’\nwarning: cc: note: valid arguments to ‘-mabi=’ are: ms sysv\nwarning: cc: error: unrecognized argument in option ‘-mcmodel=medany’\nwarning: cc: note: valid arguments to ‘-mcmodel=’ are: 32 kernel large medium small\n\nerror: failed to run custom build command for `wasmtime-runtime v8.0.1`\n\nCaused by:\n  process didn't exit successfully: `/home/silveira/bluefreedom/test-app/target/debug/build/wasmtime-runtime-af8c978cc181d296/build-script-build` (exit status: 1)\n  --- stdout\n  cargo:rerun-if-changed=src/helpers.c\n  TARGET = Some(\"riscv32imac-esp-espidf\")\n  OPT_LEVEL = Some(\"z\")\n  HOST = Some(\"x86_64-unknown-linux-gnu\")\n  cargo:rerun-if-env-changed=CC_riscv32imac-esp-espidf\n  CC_riscv32imac-esp-espidf = None\n  cargo:rerun-if-env-changed=CC_riscv32imac_esp_espidf\n  CC_riscv32imac_esp_espidf = None\n  cargo:rerun-if-env-changed=TARGET_CC\n  TARGET_CC = None\n  cargo:rerun-if-env-changed=CC\n  CC = None\n  RUSTC_LINKER = Some(\"ldproxy\")\n  cargo:rerun-if-env-changed=CROSS_COMPILE\n  CROSS_COMPILE = None\n  cargo:rerun-if-env-changed=CRATE_CC_NO_DEFAULTS\n  CRATE_CC_NO_DEFAULTS = None\n  DEBUG = Some(\"true\")\n  CARGO_CFG_TARGET_FEATURE = Some(\"a,c,m\")\n  cargo:rerun-if-env-changed=CFLAGS_riscv32imac-esp-espidf\n  CFLAGS_riscv32imac-esp-espidf = None\n  cargo:rerun-if-env-changed=CFLAGS_riscv32imac_esp_espidf\n  CFLAGS_riscv32imac_esp_espidf = None\n  cargo:rerun-if-env-changed=TARGET_CFLAGS\n  TARGET_CFLAGS = None\n  cargo:rerun-if-env-changed=CFLAGS\n  CFLAGS = None\n  running: \"cc\" \"-Os\" \"-ffunction-sections\" \"-fdata-sections\" \"-fPIC\" \"-g\" \"-fno-omit-frame-pointer\" \"-march=rv32imac\" \"-mabi=ilp32\" \"-mcmodel=medany\" \"-Wall\" \"-Wextra\" \"-DCFG_TARGET_OS_espidf\" \"-DCFG_TARGET_ARCH_riscv32\" \"-o\" \"/home/silveira/bluefreedom/test-app/target/riscv32imac-esp-espidf/debug/build/wasmtime-runtime-d75f6ee2ec7ef9d7/out/src/helpers.o\" \"-c\" \"src/helpers.c\"\n  cargo:warning=cc: error: unrecognized argument in option ‘-mabi=ilp32’\n\n  cargo:warning=cc: note: valid arguments to ‘-mabi=’ are: ms sysv\n\n  cargo:warning=cc: error: unrecognized argument in option ‘-mcmodel=medany’\n\n  cargo:warning=cc: note: valid arguments to ‘-mcmodel=’ are: 32 kernel large medium small\n\n  exit status: 1\n\n  --- stderr\n\n\n  error occurred: Command \"cc\" \"-Os\" \"-ffunction-sections\" \"-fdata-sections\" \"-fPIC\" \"-g\" \"-fno-omit-frame-pointer\" \"-march=rv32imac\" \"-mabi=ilp32\" \"-mcmodel=medany\" \"-Wall\" \"-Wextra\" \"-DCFG_TARGET_OS_espidf\" \"-DCFG_TARGET_ARCH_riscv32\" \"-o\" \"/home/silveira/bluefreedom/test-app/target/riscv32imac-esp-espidf/debug/build/wasmtime-runtime-d75f6ee2ec7ef9d7/out/src/helpers.o\" \"-c\" \"src/helpers.c\" with args \"cc\" did not execute successfully (status code exit status: 1).\n\nwarning: build failed, waiting for other jobs to finish...\n</code></pre></div><br>\n</p>\n</blockquote>",
        "id": 395669063,
        "sender_full_name": "Wasmtime GitHub notifications bot",
        "timestamp": 1696848010
    },
    {
        "content": "<p>blue-freedom-technologies edited <a href=\"https://github.com/bytecodealliance/wasmtime/issues/7194\">issue #7194</a>.</p>",
        "id": 395806395,
        "sender_full_name": "Wasmtime GitHub notifications bot",
        "timestamp": 1696912660
    },
    {
        "content": "<p>harry2855 <a href=\"https://github.com/bytecodealliance/wasmtime/issues/7194#issuecomment-1806866442\">commented</a> on <a href=\"https://github.com/bytecodealliance/wasmtime/issues/7194\">issue #7194</a>:</p>\n<blockquote>\n<p>@bjorn3 I am using Macbook Air M1, still getting this error. Do you have an idea of possible reasons?</p>\n</blockquote>",
        "id": 401529553,
        "sender_full_name": "Wasmtime GitHub notifications bot",
        "timestamp": 1699722239
    },
    {
        "content": "<p>bjorn3 <a href=\"https://github.com/bytecodealliance/wasmtime/issues/7194#issuecomment-1806867982\">commented</a> on <a href=\"https://github.com/bytecodealliance/wasmtime/issues/7194\">issue #7194</a>:</p>\n<blockquote>\n<p>Can you post the full error message?</p>\n</blockquote>",
        "id": 401529930,
        "sender_full_name": "Wasmtime GitHub notifications bot",
        "timestamp": 1699722630
    },
    {
        "content": "<p>harry2855 <a href=\"https://github.com/bytecodealliance/wasmtime/issues/7194#issuecomment-1806882589\">commented</a> on <a href=\"https://github.com/bytecodealliance/wasmtime/issues/7194\">issue #7194</a>:</p>\n<blockquote>\n<p><div class=\"codehilite\" data-code-language=\"code\"><pre><span></span><code>The following warnings were emitted during compilation:\n\nwarning: wasmtime-runtime@8.0.1: src/helpers.c:1:10: fatal error: 'setjmp.h' file not found\nwarning: wasmtime-runtime@8.0.1: #include &lt;setjmp.h&gt;\nwarning: wasmtime-runtime@8.0.1:          ^~~~~~~~~~\nwarning: wasmtime-runtime@8.0.1: 1 error generated.\n\nerror: failed to run custom build command for `wasmtime-runtime v8.0.1`\n\nCaused by:\n  process didn't exit successfully: `/Users/harry/Desktop/blockchain/ink-Stable-Coin/contracts/stable-coin/target/ink/release/build/wasmtime-runtime-90f91f7d3dfa62f2/build-script-build` (exit status: 1)\n  --- stdout\n  cargo:rerun-if-changed=src/helpers.c\n  TARGET = Some(\"wasm32-unknown-unknown\")\n  OPT_LEVEL = Some(\"z\")\n  HOST = Some(\"aarch64-apple-darwin\")\n  cargo:rerun-if-env-changed=CC_wasm32-unknown-unknown\n  CC_wasm32-unknown-unknown = None\n  cargo:rerun-if-env-changed=CC_wasm32_unknown_unknown\n  CC_wasm32_unknown_unknown = None\n  cargo:rerun-if-env-changed=TARGET_CC\n  TARGET_CC = None\n  cargo:rerun-if-env-changed=CC\n  CC = None\n  cargo:rerun-if-env-changed=CRATE_CC_NO_DEFAULTS\n  CRATE_CC_NO_DEFAULTS = None\n  DEBUG = Some(\"false\")\n  cargo:rerun-if-env-changed=CFLAGS_wasm32-unknown-unknown\n  CFLAGS_wasm32-unknown-unknown = None\n  cargo:rerun-if-env-changed=CFLAGS_wasm32_unknown_unknown\n  CFLAGS_wasm32_unknown_unknown = None\n  cargo:rerun-if-env-changed=TARGET_CFLAGS\n  TARGET_CFLAGS = None\n  cargo:rerun-if-env-changed=CFLAGS\n  CFLAGS = None\n  running: \"clang\" \"-Oz\" \"-ffunction-sections\" \"-fdata-sections\" \"-fPIC\" \"--target=wasm32-unknown-unknown\" \"-Wall\" \"-Wextra\" \"-DCFG_TARGET_OS_unknown\" \"-DCFG_TARGET_ARCH_wasm32\" \"-o\" \"/Users/harry/Desktop/blockchain/ink-Stable-Coin/contracts/stable-coin/target/ink/wasm32-unknown-unknown/release/build/wasmtime-runtime-4f7b010b9427d08c/out/src/helpers.o\" \"-c\" \"src/helpers.c\"\n  cargo:warning=src/helpers.c:1:10: fatal error: 'setjmp.h' file not found\n\n  cargo:warning=#include &lt;setjmp.h&gt;\n\n  cargo:warning=         ^~~~~~~~~~\n\n  cargo:warning=1 error generated.\n\n  exit status: 1\n\n  --- stderr\n\n\n  error occurred: Command \"clang\" \"-Oz\" \"-ffunction-sections\" \"-fdata-sections\" \"-fPIC\" \"--target=wasm32-unknown-unknown\" \"-Wall\" \"-Wextra\" \"-DCFG_TARGET_OS_unknown\" \"-DCFG_TARGET_ARCH_wasm32\" \"-o\" \"/Users/harry/Desktop/blockchain/ink-Stable-Coin/contracts/stable-coin/target/ink/wasm32-unknown-unknown/release/build/wasmtime-runtime-4f7b010b9427d08c/out/src/helpers.o\" \"-c\" \"src/helpers.c\" with args \"clang\" did not execute successfully (status code exit status: 1).\n ```\n\nAnd below is my cargo.toml file:\n```code\n[package]\nname = \"stable_coin_contract\"\nversion= \"4.0.0-beta.1\"\nauthors = [\"Brushfam &lt;dominik.krizo@727.ventures&gt;\"]\nedition = \"2021\"\n\n[dependencies]\nink = { version = \"4.3.0\", default-features = false}\n\nscale = { package = \"parity-scale-codec\", version = \"3\", default-features = false, features = [\"derive\"] }\nscale-info = { version = \"2.6\", default-features = false, features = [\"derive\"], optional = true }\ndia-oracle-getter = { path = \"../oracle-contracts/oracle-getter\", default-features = false }\n# These dependencies\nopenbrush = { tag = \"4.0.0-beta\", git = \"https://github.com/Brushfam/openbrush-contracts\", default-features = false, features = [\"ownable\", \"psp22\"] }\ndrink = { version = \"0.6\" }\n[dev-dependencies]\ndia-oracle = { path = \"../oracle-contracts/oracle\", default-features = false }\ndia-oracle-setter = { path = \"../oracle-contracts/oracle-setter\", default-features = false }\n[lib]\nname = \"stable_coin_contract\"\npath = \"lib.rs\"\n\n[features]\ndefault = [\"std\"]\nstd = [\n    \"ink/std\",\n    \"scale/std\",\n    \"scale-info/std\",\n    # These dependencies\n    \"openbrush/std\",\n    \"dia-oracle-getter/std\",\n]\nink-as-dependency = []\n\n[profile.dev]\ncodegen-units = 16\n</code></pre></div><br>\n</p>\n</blockquote>",
        "id": 401533677,
        "sender_full_name": "Wasmtime GitHub notifications bot",
        "timestamp": 1699726566
    },
    {
        "content": "<p>harry2855 edited a <a href=\"https://github.com/bytecodealliance/wasmtime/issues/7194#issuecomment-1806882589\">comment</a> on <a href=\"https://github.com/bytecodealliance/wasmtime/issues/7194\">issue #7194</a>:</p>\n<blockquote>\n<p>I got this error</p>\n<p><div class=\"codehilite\" data-code-language=\"code\"><pre><span></span><code>The following warnings were emitted during compilation:\n\nwarning: wasmtime-runtime@8.0.1: src/helpers.c:1:10: fatal error: 'setjmp.h' file not found\nwarning: wasmtime-runtime@8.0.1: #include &lt;setjmp.h&gt;\nwarning: wasmtime-runtime@8.0.1:          ^~~~~~~~~~\nwarning: wasmtime-runtime@8.0.1: 1 error generated.\n\nerror: failed to run custom build command for `wasmtime-runtime v8.0.1`\n\nCaused by:\n  process didn't exit successfully: `/Users/harry/Desktop/blockchain/ink-Stable-Coin/contracts/stable-coin/target/ink/release/build/wasmtime-runtime-90f91f7d3dfa62f2/build-script-build` (exit status: 1)\n  --- stdout\n  cargo:rerun-if-changed=src/helpers.c\n  TARGET = Some(\"wasm32-unknown-unknown\")\n  OPT_LEVEL = Some(\"z\")\n  HOST = Some(\"aarch64-apple-darwin\")\n  cargo:rerun-if-env-changed=CC_wasm32-unknown-unknown\n  CC_wasm32-unknown-unknown = None\n  cargo:rerun-if-env-changed=CC_wasm32_unknown_unknown\n  CC_wasm32_unknown_unknown = None\n  cargo:rerun-if-env-changed=TARGET_CC\n  TARGET_CC = None\n  cargo:rerun-if-env-changed=CC\n  CC = None\n  cargo:rerun-if-env-changed=CRATE_CC_NO_DEFAULTS\n  CRATE_CC_NO_DEFAULTS = None\n  DEBUG = Some(\"false\")\n  cargo:rerun-if-env-changed=CFLAGS_wasm32-unknown-unknown\n  CFLAGS_wasm32-unknown-unknown = None\n  cargo:rerun-if-env-changed=CFLAGS_wasm32_unknown_unknown\n  CFLAGS_wasm32_unknown_unknown = None\n  cargo:rerun-if-env-changed=TARGET_CFLAGS\n  TARGET_CFLAGS = None\n  cargo:rerun-if-env-changed=CFLAGS\n  CFLAGS = None\n  running: \"clang\" \"-Oz\" \"-ffunction-sections\" \"-fdata-sections\" \"-fPIC\" \"--target=wasm32-unknown-unknown\" \"-Wall\" \"-Wextra\" \"-DCFG_TARGET_OS_unknown\" \"-DCFG_TARGET_ARCH_wasm32\" \"-o\" \"/Users/harry/Desktop/blockchain/ink-Stable-Coin/contracts/stable-coin/target/ink/wasm32-unknown-unknown/release/build/wasmtime-runtime-4f7b010b9427d08c/out/src/helpers.o\" \"-c\" \"src/helpers.c\"\n  cargo:warning=src/helpers.c:1:10: fatal error: 'setjmp.h' file not found\n\n  cargo:warning=#include &lt;setjmp.h&gt;\n\n  cargo:warning=         ^~~~~~~~~~\n\n  cargo:warning=1 error generated.\n\n  exit status: 1\n\n  --- stderr\n\n\n  error occurred: Command \"clang\" \"-Oz\" \"-ffunction-sections\" \"-fdata-sections\" \"-fPIC\" \"--target=wasm32-unknown-unknown\" \"-Wall\" \"-Wextra\" \"-DCFG_TARGET_OS_unknown\" \"-DCFG_TARGET_ARCH_wasm32\" \"-o\" \"/Users/harry/Desktop/blockchain/ink-Stable-Coin/contracts/stable-coin/target/ink/wasm32-unknown-unknown/release/build/wasmtime-runtime-4f7b010b9427d08c/out/src/helpers.o\" \"-c\" \"src/helpers.c\" with args \"clang\" did not execute successfully (status code exit status: 1).\n ```\n\nAnd below is my cargo.toml file:\n```code\n[package]\nname = \"stable_coin_contract\"\nversion= \"4.0.0-beta.1\"\nauthors = [\"Brushfam &lt;dominik.krizo@727.ventures&gt;\"]\nedition = \"2021\"\n\n[dependencies]\nink = { version = \"4.3.0\", default-features = false}\n\nscale = { package = \"parity-scale-codec\", version = \"3\", default-features = false, features = [\"derive\"] }\nscale-info = { version = \"2.6\", default-features = false, features = [\"derive\"], optional = true }\ndia-oracle-getter = { path = \"../oracle-contracts/oracle-getter\", default-features = false }\n# These dependencies\nopenbrush = { tag = \"4.0.0-beta\", git = \"https://github.com/Brushfam/openbrush-contracts\", default-features = false, features = [\"ownable\", \"psp22\"] }\ndrink = { version = \"0.6\" }\n[dev-dependencies]\ndia-oracle = { path = \"../oracle-contracts/oracle\", default-features = false }\ndia-oracle-setter = { path = \"../oracle-contracts/oracle-setter\", default-features = false }\n[lib]\nname = \"stable_coin_contract\"\npath = \"lib.rs\"\n\n[features]\ndefault = [\"std\"]\nstd = [\n    \"ink/std\",\n    \"scale/std\",\n    \"scale-info/std\",\n    # These dependencies\n    \"openbrush/std\",\n    \"dia-oracle-getter/std\",\n]\nink-as-dependency = []\n\n[profile.dev]\ncodegen-units = 16\n</code></pre></div><br>\n</p>\n</blockquote>",
        "id": 401533700,
        "sender_full_name": "Wasmtime GitHub notifications bot",
        "timestamp": 1699726605
    },
    {
        "content": "<p>alexcrichton <a href=\"https://github.com/bytecodealliance/wasmtime/issues/7194#issuecomment-1807233772\">commented</a> on <a href=\"https://github.com/bytecodealliance/wasmtime/issues/7194\">issue #7194</a>:</p>\n<blockquote>\n<p>@harry2855 it looks like you're building Wasmtime for the <code>wasm32-unknown-unknown</code> target itself which is not supported. </p>\n</blockquote>",
        "id": 401639027,
        "sender_full_name": "Wasmtime GitHub notifications bot",
        "timestamp": 1699821764
    },
    {
        "content": "<p>harry2855 <a href=\"https://github.com/bytecodealliance/wasmtime/issues/7194#issuecomment-1808949995\">commented</a> on <a href=\"https://github.com/bytecodealliance/wasmtime/issues/7194\">issue #7194</a>:</p>\n<blockquote>\n<p>@alexcrichton What are the alternatives then? Should I have to change it to wasm64-unknown-unknown?</p>\n</blockquote>",
        "id": 401835071,
        "sender_full_name": "Wasmtime GitHub notifications bot",
        "timestamp": 1699905354
    },
    {
        "content": "<p>alexcrichton <a href=\"https://github.com/bytecodealliance/wasmtime/issues/7194#issuecomment-1809065114\">commented</a> on <a href=\"https://github.com/bytecodealliance/wasmtime/issues/7194\">issue #7194</a>:</p>\n<blockquote>\n<p>No, at this time Wasmtime cannot itself be compiled to WebAssembly, it's not a supported target. (either wasm32 or wasm64)</p>\n</blockquote>",
        "id": 401841363,
        "sender_full_name": "Wasmtime GitHub notifications bot",
        "timestamp": 1699908008
    },
    {
        "content": "<p>harry2855 <a href=\"https://github.com/bytecodealliance/wasmtime/issues/7194#issuecomment-1809117378\">commented</a> on <a href=\"https://github.com/bytecodealliance/wasmtime/issues/7194\">issue #7194</a>:</p>\n<blockquote>\n<p>Okay, thanks for your time. </p>\n</blockquote>",
        "id": 401844811,
        "sender_full_name": "Wasmtime GitHub notifications bot",
        "timestamp": 1699909387
    }
]