[
    {
        "content": "<p>alexcrichton <a href=\"https://github.com/bytecodealliance/wasmtime/issues/967#issuecomment-619230890\" title=\"https://github.com/bytecodealliance/wasmtime/issues/967#issuecomment-619230890\">commented</a> on <a href=\"https://github.com/bytecodealliance/wasmtime/issues/967\" title=\"https://github.com/bytecodealliance/wasmtime/issues/967\">Issue #967</a>:</p>\n<blockquote>\n<p>I believe this has since been fixed, so closing</p>\n</blockquote>",
        "id": 195242342,
        "sender_full_name": "Wasmtime GitHub notifications bot",
        "timestamp": 1587761112
    },
    {
        "content": "<p>alexcrichton closed <a href=\"https://github.com/bytecodealliance/wasmtime/issues/967\" title=\"https://github.com/bytecodealliance/wasmtime/issues/967\">Issue #967</a>:</p>\n<blockquote>\n<p>When compiling trying to run the example <a href=\"https://github.com/bytecodealliance/wasmtime/blob/master/docs/embed-rust.md\" title=\"https://github.com/bytecodealliance/wasmtime/blob/master/docs/embed-rust.md\">https://github.com/bytecodealliance/wasmtime/blob/master/docs/embed-rust.md</a> it fails with the attached error message. It seems the API has changed since the documentation was written. I am using 0.11.0. Can anyone verify this?</p>\n<p>```$ cargo run<br>\n   Compiling wasmtime_hello v0.1.0 (/Users/gustaveiman/rust_projects/wasmtime_hello)<br>\nerror[E0061]: this function takes 2 parameters but 3 parameters were supplied<br>\n  --&gt; src/main.rs:10:20<br>\n   |<br>\n10 |     let instance = Instance::new(&amp;store, &amp;module, &amp;[]).expect(\"wasm instance\");<br>\n   |                    ^^^^^^^^^^^^^^^^^^^^^^^^^^^^^^^^^^^ expected 2 parameters</p>\n<p>error[E0599]: no method named <code>find_export_by_name</code> found for type <code>wasmtime::instance::Instance</code> in the current scope<br>\n  --&gt; src/main.rs:12:27<br>\n   |<br>\n12 |     let answer = instance.find_export_by_name(\"answer\").expect(\"answer\").func().expect(\"function\");<br>\n   |                           ^^^^^^^^^^^^^^^^^^^ method not found in <code>wasmtime::instance::Instance</code></p>\n<p>error: aborting due to 2 previous errors</p>\n<p>Some errors have detailed explanations: E0061, E0599.<br>\nFor more information about an error, try <code>rustc --explain E0061</code>.<br>\nerror: could not compile <code>wasmtime_hello</code>.</p>\n<p>To learn more, run the command again with --verbose.```</p>\n</blockquote>",
        "id": 195242343,
        "sender_full_name": "Wasmtime GitHub notifications bot",
        "timestamp": 1587761112
    }
]